<!DOCTYPE html PUBLIC "-//W3C//DTD XHTML 1.1//EN" "http://www.w3.org/TR/xhtml11/DTD/xhtml11.dtd">
<html xmlns="http://www.w3.org/1999/xhtml"><head><title>TestNG Report</title><style type="text/css">table {margin-bottom:10px;border-collapse:collapse;empty-cells:show}th,td {border:1px solid #009;padding:.25em .5em}th {vertical-align:bottom}td {vertical-align:top}table a {font-weight:bold}.stripe td {background-color: #E6EBF9}.num {text-align:right}.passedodd td {background-color: #3F3}.passedeven td {background-color: #0A0}.skippedodd td {background-color: #DDD}.skippedeven td {background-color: #CCC}.failedodd td,.attn {background-color: #F33}.failedeven td,.stripe .attn {background-color: #D00}.stacktrace {white-space:pre;font-family:monospace}.totop {font-size:85%;text-align:center;border-bottom:2px solid #000}</style></head><body><table><tr><th>Test</th><th># Passed</th><th># Skipped</th><th># Failed</th><th>Time (ms)</th><th>Included Groups</th><th>Excluded Groups</th></tr><tr><th colspan="7">proyecto_division</th></tr><tr><td><a href="#t0">proyecto_division.DivisionTest</a></td><td class="num">5</td><td class="num">0</td><td class="num attn">2</td><td class="num">152</td><td></td><td></td></tr><tr class="stripe"><td><a href="#t1">proyecto_division.MainTest</a></td><td class="num">0</td><td class="num">0</td><td class="num attn">1</td><td class="num">19</td><td></td><td></td></tr><tr><th>Total</th><th class="num">5</th><th class="num">0</th><th class="num attn">3</th><th class="num">171</th><th colspan="2"></th></tr></table><table><thead><tr><th>Class</th><th>Method</th><th>Start</th><th>Time (ms)</th></tr></thead><tbody><tr><th colspan="4">proyecto_division</th></tr></tbody><tbody id="t0"><tr><th colspan="4">proyecto_division.DivisionTest &#8212; failed</th></tr><tr class="failedeven"><td rowspan="2">proyecto_division.DivisionTest</td><td><a href="#m0">testCalcularDivisionC3</a></td><td rowspan="1">1613163599225</td><td rowspan="1">0</td></tr><tr class="failedeven"><td><a href="#m1">testCalcularDivisionC4</a></td><td rowspan="1">1613163599225</td><td rowspan="1">0</td></tr><tr><th colspan="4">proyecto_division.DivisionTest &#8212; passed</th></tr><tr class="passedeven"><td rowspan="5">proyecto_division.DivisionTest</td><td><a href="#m2">testCalcularDivisionC1</a></td><td rowspan="1">1613163599211</td><td rowspan="1">14</td></tr><tr class="passedeven"><td><a href="#m3">testCalcularDivisionC2</a></td><td rowspan="1">1613163599225</td><td rowspan="1">0</td></tr><tr class="passedeven"><td><a href="#m4">testCalcularDivisionC5</a></td><td rowspan="1">1613163599295</td><td rowspan="1">0</td></tr><tr class="passedeven"><td><a href="#m5">testCalcularDivisionC6</a></td><td rowspan="1">1613163599295</td><td rowspan="1">0</td></tr><tr class="passedeven"><td><a href="#m6">testCalcularDivisionC7</a></td><td rowspan="1">1613163599295</td><td rowspan="1">0</td></tr></tbody><tbody id="t1"><tr><th colspan="4">proyecto_division.MainTest &#8212; failed</th></tr><tr class="failedeven"><td rowspan="1">proyecto_division.MainTest</td><td><a href="#m7">testMain</a></td><td rowspan="1">1613163599369</td><td rowspan="1">15</td></tr></tbody></table><h2>proyecto_division.DivisionTest</h2><h3 id="m0">proyecto_division.DivisionTest#testCalcularDivisionC3</h3><table class="result"><tr><th>Exception</th></tr><tr><td><div class="stacktrace">java.lang.AssertionError: expected:&lt;4.1181E-84&gt; but was:&lt;0.0&gt;
	at org.junit.Assert.fail(Assert.java:88)
	at org.junit.Assert.failNotEquals(Assert.java:834)
	at org.junit.Assert.assertEquals(Assert.java:553)
	at org.junit.Assert.assertEquals(Assert.java:683)
	at proyecto_division.DivisionTest.testCalcularDivisionC3(DivisionTest.java:78)
	at org.junit.runners.model.FrameworkMethod$1.runReflectiveCall(FrameworkMethod.java:50)
	at org.junit.internal.runners.model.ReflectiveCallable.run(ReflectiveCallable.java:12)
	at org.junit.runners.model.FrameworkMethod.invokeExplosively(FrameworkMethod.java:47)
	at org.junit.internal.runners.statements.InvokeMethod.evaluate(InvokeMethod.java:17)
	at org.junit.internal.runners.statements.RunBefores.evaluate(RunBefores.java:26)
	at org.junit.internal.runners.statements.RunAfters.evaluate(RunAfters.java:27)
	at org.junit.runners.ParentRunner.runLeaf(ParentRunner.java:325)
	at org.junit.runners.BlockJUnit4ClassRunner.runChild(BlockJUnit4ClassRunner.java:78)
	at org.junit.runners.BlockJUnit4ClassRunner.runChild(BlockJUnit4ClassRunner.java:57)
	at org.junit.runners.ParentRunner$3.run(ParentRunner.java:290)
	at org.junit.runners.ParentRunner$1.schedule(ParentRunner.java:71)
	at org.junit.runners.ParentRunner.runChildren(ParentRunner.java:288)
	at org.junit.runners.ParentRunner.access$000(ParentRunner.java:58)
	at org.junit.runners.ParentRunner$2.evaluate(ParentRunner.java:268)
	at org.junit.internal.runners.statements.RunBefores.evaluate(RunBefores.java:26)
	at org.junit.internal.runners.statements.RunAfters.evaluate(RunAfters.java:27)
	at org.junit.runners.ParentRunner.run(ParentRunner.java:363)
	at org.junit.runner.JUnitCore.run(JUnitCore.java:137)
	at org.junit.runner.JUnitCore.run(JUnitCore.java:115)
... Removed 21 stack frames</div></td></tr></table><p class="totop"><a href="#summary">back to summary</a></p><h3 id="m1">proyecto_division.DivisionTest#testCalcularDivisionC4</h3><table class="result"><tr><th>Exception</th></tr><tr><td><div class="stacktrace">java.lang.AssertionError: expected:&lt;2.4283E83&gt; but was:&lt;Infinity&gt;
	at org.junit.Assert.fail(Assert.java:88)
	at org.junit.Assert.failNotEquals(Assert.java:834)
	at org.junit.Assert.assertEquals(Assert.java:553)
	at org.junit.Assert.assertEquals(Assert.java:683)
	at proyecto_division.DivisionTest.testCalcularDivisionC4(DivisionTest.java:86)
	at org.junit.runners.model.FrameworkMethod$1.runReflectiveCall(FrameworkMethod.java:50)
	at org.junit.internal.runners.model.ReflectiveCallable.run(ReflectiveCallable.java:12)
	at org.junit.runners.model.FrameworkMethod.invokeExplosively(FrameworkMethod.java:47)
	at org.junit.internal.runners.statements.InvokeMethod.evaluate(InvokeMethod.java:17)
	at org.junit.internal.runners.statements.RunBefores.evaluate(RunBefores.java:26)
	at org.junit.internal.runners.statements.RunAfters.evaluate(RunAfters.java:27)
	at org.junit.runners.ParentRunner.runLeaf(ParentRunner.java:325)
	at org.junit.runners.BlockJUnit4ClassRunner.runChild(BlockJUnit4ClassRunner.java:78)
	at org.junit.runners.BlockJUnit4ClassRunner.runChild(BlockJUnit4ClassRunner.java:57)
	at org.junit.runners.ParentRunner$3.run(ParentRunner.java:290)
	at org.junit.runners.ParentRunner$1.schedule(ParentRunner.java:71)
	at org.junit.runners.ParentRunner.runChildren(ParentRunner.java:288)
	at org.junit.runners.ParentRunner.access$000(ParentRunner.java:58)
	at org.junit.runners.ParentRunner$2.evaluate(ParentRunner.java:268)
	at org.junit.internal.runners.statements.RunBefores.evaluate(RunBefores.java:26)
	at org.junit.internal.runners.statements.RunAfters.evaluate(RunAfters.java:27)
	at org.junit.runners.ParentRunner.run(ParentRunner.java:363)
	at org.junit.runner.JUnitCore.run(JUnitCore.java:137)
	at org.junit.runner.JUnitCore.run(JUnitCore.java:115)
... Removed 21 stack frames</div></td></tr></table><p class="totop"><a href="#summary">back to summary</a></p><h3 id="m2">proyecto_division.DivisionTest#testCalcularDivisionC1</h3><table class="result"></table><p class="totop"><a href="#summary">back to summary</a></p><h3 id="m3">proyecto_division.DivisionTest#testCalcularDivisionC2</h3><table class="result"></table><p class="totop"><a href="#summary">back to summary</a></p><h3 id="m4">proyecto_division.DivisionTest#testCalcularDivisionC5</h3><table class="result"></table><p class="totop"><a href="#summary">back to summary</a></p><h3 id="m5">proyecto_division.DivisionTest#testCalcularDivisionC6</h3><table class="result"></table><p class="totop"><a href="#summary">back to summary</a></p><h3 id="m6">proyecto_division.DivisionTest#testCalcularDivisionC7</h3><table class="result"></table><p class="totop"><a href="#summary">back to summary</a></p><h2>proyecto_division.MainTest</h2><h3 id="m7">proyecto_division.MainTest#testMain</h3><table class="result"><tr><th>Exception</th></tr><tr><td><div class="stacktrace">java.util.NoSuchElementException: No line found
	at java.base/java.util.Scanner.nextLine(Scanner.java:1651)
	at proyecto_division.Main.main(Main.java:30)
	at proyecto_division.MainTest.testMain(MainTest.java:47)
	at org.junit.runners.model.FrameworkMethod$1.runReflectiveCall(FrameworkMethod.java:50)
	at org.junit.internal.runners.model.ReflectiveCallable.run(ReflectiveCallable.java:12)
	at org.junit.runners.model.FrameworkMethod.invokeExplosively(FrameworkMethod.java:47)
	at org.junit.internal.runners.statements.InvokeMethod.evaluate(InvokeMethod.java:17)
	at org.junit.internal.runners.statements.RunBefores.evaluate(RunBefores.java:26)
	at org.junit.internal.runners.statements.RunAfters.evaluate(RunAfters.java:27)
	at org.junit.runners.ParentRunner.runLeaf(ParentRunner.java:325)
	at org.junit.runners.BlockJUnit4ClassRunner.runChild(BlockJUnit4ClassRunner.java:78)
	at org.junit.runners.BlockJUnit4ClassRunner.runChild(BlockJUnit4ClassRunner.java:57)
	at org.junit.runners.ParentRunner$3.run(ParentRunner.java:290)
	at org.junit.runners.ParentRunner$1.schedule(ParentRunner.java:71)
	at org.junit.runners.ParentRunner.runChildren(ParentRunner.java:288)
	at org.junit.runners.ParentRunner.access$000(ParentRunner.java:58)
	at org.junit.runners.ParentRunner$2.evaluate(ParentRunner.java:268)
	at org.junit.internal.runners.statements.RunBefores.evaluate(RunBefores.java:26)
	at org.junit.internal.runners.statements.RunAfters.evaluate(RunAfters.java:27)
	at org.junit.runners.ParentRunner.run(ParentRunner.java:363)
	at org.junit.runner.JUnitCore.run(JUnitCore.java:137)
	at org.junit.runner.JUnitCore.run(JUnitCore.java:115)
... Removed 21 stack frames</div></td></tr></table><p class="totop"><a href="#summary">back to summary</a></p></body></html>